<?xml version="1.0" encoding="UTF-8"?>
<!-- Generated by org.testng.reporters.JUnitReportReporter -->
<testsuite skipped="0" hostname="LAPTOP-JHCO5B84" name="googleapis.StaticJson" tests="1" failures="0" timestamp="17 Mar 2020 01:55:49 GMT" time="2.070" errors="0">
  <testcase name="addbook" time="2.070" classname="googleapis.StaticJson"/>
</testsuite> <!-- googleapis.StaticJson -->
