<?xml version="1.0" encoding="UTF-8"?>
<!-- Generated by org.testng.reporters.JUnitReportReporter -->
<testsuite skipped="0" hostname="LAPTOP-JHCO5B84" name="oauth.Oauth" tests="1" failures="0" timestamp="18 Mar 2020 07:47:59 GMT" time="2.742" errors="0">
  <testcase name="getAccessToken" time="2.742" classname="oauth.Oauth"/>
</testsuite> <!-- oauth.Oauth -->
