<?xml version="1.0" encoding="UTF-8"?>
<!-- Generated by org.testng.reporters.JUnitReportReporter -->
<testsuite skipped="0" hostname="LAPTOP-JHCO5B84" name="googleapis.LibraryApi" tests="1" failures="0" timestamp="16 Mar 2020 06:55:47 GMT" time="2.888" errors="0">
  <testcase name="addBookApi" time="2.888" classname="googleapis.LibraryApi"/>
</testsuite> <!-- googleapis.LibraryApi -->
