<?xml version="1.0" encoding="UTF-8"?>
<!-- Generated by org.testng.reporters.JUnitReportReporter -->
<testsuite skipped="0" hostname="LAPTOP-JHCO5B84" name="googleapis.LibraryApiDataProvider" tests="3" failures="0" timestamp="16 Mar 2020 07:35:52 GMT" time="1.943" errors="0">
  <testcase name="dataProvider" time="1.694" classname="googleapis.LibraryApiDataProvider"/>
  <testcase name="dataProvider" time="0.125" classname="googleapis.LibraryApiDataProvider"/>
  <testcase name="dataProvider" time="0.124" classname="googleapis.LibraryApiDataProvider"/>
</testsuite> <!-- googleapis.LibraryApiDataProvider -->
