<?xml version="1.0" encoding="UTF-8"?>
<!-- Generated by org.testng.reporters.JUnitReportReporter -->
<testsuite skipped="0" hostname="LAPTOP-JHCO5B84" name="oauth.Oauth" tests="1" failures="0" timestamp="17 Mar 2020 10:46:56 GMT" time="2.562" errors="0">
  <testcase name="getAccessToken" time="2.562" classname="oauth.Oauth"/>
</testsuite> <!-- oauth.Oauth -->
